C:\PREDPUZZLE3D\PUZZLE3D\PUZZLE3D\DEBUG\3D.OBJ
C:\PREDPUZZLE3D\PUZZLE3D\PUZZLE3D\DEBUG\CBEZIERCURVE.OBJ
C:\PREDPUZZLE3D\PUZZLE3D\PUZZLE3D\DEBUG\CBLOCKSTREAM.OBJ
C:\PREDPUZZLE3D\PUZZLE3D\PUZZLE3D\DEBUG\CGALSTREAM.OBJ
C:\PREDPUZZLE3D\PUZZLE3D\PUZZLE3D\DEBUG\CSHADERFILE.OBJ
C:\PREDPUZZLE3D\PUZZLE3D\PUZZLE3D\DEBUG\CSHADERPROGRAM.OBJ
C:\PREDPUZZLE3D\PUZZLE3D\PUZZLE3D\DEBUG\CSTREAM.OBJ
C:\PREDPUZZLE3D\PUZZLE3D\PUZZLE3D\DEBUG\EXCEPTION.OBJ
C:\PREDPUZZLE3D\PUZZLE3D\PUZZLE3D\DEBUG\MAIN.OBJ
C:\PREDPUZZLE3D\PUZZLE3D\PUZZLE3D\DEBUG\MEM.OBJ
C:\PREDPUZZLE3D\PUZZLE3D\PUZZLE3D\DEBUG\OPENGLCONTEXT.OBJ
C:\PREDPUZZLE3D\PUZZLE3D\PUZZLE3D\DEBUG\PUZZLE3D.EXE.EMBED.MANIFEST
C:\PREDPUZZLE3D\PUZZLE3D\PUZZLE3D\DEBUG\PUZZLE3D.EXE.EMBED.MANIFEST.RES
C:\PREDPUZZLE3D\PUZZLE3D\PUZZLE3D\DEBUG\VC100.PDB
D:\DOCUMENTS\GOOGLE DRIVE\POLYTECH\5A\PROJET R&D\PROJET\PUZZLE3D\DEBUG\PUZZLE3D.EXE
D:\DOCUMENTS\GOOGLE DRIVE\POLYTECH\5A\PROJET R&D\PROJET\PUZZLE3D\DEBUG\PUZZLE3D.ILK
D:\DOCUMENTS\GOOGLE DRIVE\POLYTECH\5A\PROJET R&D\PROJET\PUZZLE3D\DEBUG\PUZZLE3D.PDB
D:\DOCUMENTS\GOOGLE DRIVE\POLYTECH\5A\PROJET R&D\PROJET\PUZZLE3D\PUZZLE3D\DEBUG\3D.OBJ
D:\DOCUMENTS\GOOGLE DRIVE\POLYTECH\5A\PROJET R&D\PROJET\PUZZLE3D\PUZZLE3D\DEBUG\CBEZIERCURVE.OBJ
D:\DOCUMENTS\GOOGLE DRIVE\POLYTECH\5A\PROJET R&D\PROJET\PUZZLE3D\PUZZLE3D\DEBUG\CBLOCKSTREAM.OBJ
D:\DOCUMENTS\GOOGLE DRIVE\POLYTECH\5A\PROJET R&D\PROJET\PUZZLE3D\PUZZLE3D\DEBUG\CGALSTREAM.OBJ
D:\DOCUMENTS\GOOGLE DRIVE\POLYTECH\5A\PROJET R&D\PROJET\PUZZLE3D\PUZZLE3D\DEBUG\CSHADERFILE.OBJ
D:\DOCUMENTS\GOOGLE DRIVE\POLYTECH\5A\PROJET R&D\PROJET\PUZZLE3D\PUZZLE3D\DEBUG\CSHADERPROGRAM.OBJ
D:\DOCUMENTS\GOOGLE DRIVE\POLYTECH\5A\PROJET R&D\PROJET\PUZZLE3D\PUZZLE3D\DEBUG\CSTREAM.OBJ
D:\DOCUMENTS\GOOGLE DRIVE\POLYTECH\5A\PROJET R&D\PROJET\PUZZLE3D\PUZZLE3D\DEBUG\EXCEPTION.OBJ
D:\DOCUMENTS\GOOGLE DRIVE\POLYTECH\5A\PROJET R&D\PROJET\PUZZLE3D\PUZZLE3D\DEBUG\MAIN.OBJ
D:\DOCUMENTS\GOOGLE DRIVE\POLYTECH\5A\PROJET R&D\PROJET\PUZZLE3D\PUZZLE3D\DEBUG\MEM.OBJ
D:\DOCUMENTS\GOOGLE DRIVE\POLYTECH\5A\PROJET R&D\PROJET\PUZZLE3D\PUZZLE3D\DEBUG\OPENGLCONTEXT.OBJ
D:\DOCUMENTS\GOOGLE DRIVE\POLYTECH\5A\PROJET R&D\PROJET\PUZZLE3D\PUZZLE3D\DEBUG\PUZZLE3D.EXE.EMBED.MANIFEST
D:\DOCUMENTS\GOOGLE DRIVE\POLYTECH\5A\PROJET R&D\PROJET\PUZZLE3D\PUZZLE3D\DEBUG\PUZZLE3D.EXE.EMBED.MANIFEST.RES
D:\DOCUMENTS\GOOGLE DRIVE\POLYTECH\5A\PROJET R&D\PROJET\PUZZLE3D\PUZZLE3D\DEBUG\PUZZLE3D.EXE.INTERMEDIATE.MANIFEST
D:\DOCUMENTS\GOOGLE DRIVE\POLYTECH\5A\PROJET R&D\PROJET\PUZZLE3D\PUZZLE3D\DEBUG\VC100.PDB
D:\PREDPUZZLE3D\PUZZLE3D\DEBUG\PUZZLE3D.EXE
D:\PREDPUZZLE3D\PUZZLE3D\DEBUG\PUZZLE3D.ILK
D:\PREDPUZZLE3D\PUZZLE3D\DEBUG\PUZZLE3D.PDB
D:\PREDPUZZLE3D\PUZZLE3D\PUZZLE3D\DEBUG\3D.OBJ
D:\PREDPUZZLE3D\PUZZLE3D\PUZZLE3D\DEBUG\CBEZIERCURVE.OBJ
D:\PREDPUZZLE3D\PUZZLE3D\PUZZLE3D\DEBUG\CBLOCKSTREAM.OBJ
D:\PREDPUZZLE3D\PUZZLE3D\PUZZLE3D\DEBUG\CGALSTREAM.OBJ
D:\predpuzzle3d\puzzle3d\puzzle3d\Debug\cl.command.1.tlog
D:\predpuzzle3d\puzzle3d\puzzle3d\Debug\CL.read.1.tlog
D:\predpuzzle3d\puzzle3d\puzzle3d\Debug\CL.write.1.tlog
D:\PREDPUZZLE3D\PUZZLE3D\PUZZLE3D\DEBUG\CSHADERFILE.OBJ
D:\PREDPUZZLE3D\PUZZLE3D\PUZZLE3D\DEBUG\CSHADERPROGRAM.OBJ
D:\PREDPUZZLE3D\PUZZLE3D\PUZZLE3D\DEBUG\CSTREAM.OBJ
D:\PREDPUZZLE3D\PUZZLE3D\PUZZLE3D\DEBUG\EXCEPTION.OBJ
D:\predpuzzle3d\puzzle3d\puzzle3d\Debug\link.3832.2960.read.1.tlog
D:\predpuzzle3d\puzzle3d\puzzle3d\Debug\link.3832.2960.write.1.tlog
D:\predpuzzle3d\puzzle3d\puzzle3d\Debug\link.3832.2960-cvtres.read.1.tlog
D:\predpuzzle3d\puzzle3d\puzzle3d\Debug\link.3832.2960-cvtres.write.1.tlog
D:\predpuzzle3d\puzzle3d\puzzle3d\Debug\link.3832.read.1.tlog
D:\predpuzzle3d\puzzle3d\puzzle3d\Debug\link.3832.write.1.tlog
D:\predpuzzle3d\puzzle3d\puzzle3d\Debug\link.4736.read.1.tlog
D:\predpuzzle3d\puzzle3d\puzzle3d\Debug\link.4736.write.1.tlog
D:\predpuzzle3d\puzzle3d\puzzle3d\Debug\link.4736-cvtres.read.1.tlog
D:\predpuzzle3d\puzzle3d\puzzle3d\Debug\link.4736-cvtres.write.1.tlog
D:\predpuzzle3d\puzzle3d\puzzle3d\Debug\link.command.1.tlog
D:\predpuzzle3d\puzzle3d\puzzle3d\Debug\link.read.1.tlog
D:\predpuzzle3d\puzzle3d\puzzle3d\Debug\link.write.1.tlog
D:\predpuzzle3d\puzzle3d\puzzle3d\Debug\link-cvtres.read.1.tlog
D:\predpuzzle3d\puzzle3d\puzzle3d\Debug\link-cvtres.write.1.tlog
D:\PREDPUZZLE3D\PUZZLE3D\PUZZLE3D\DEBUG\MAIN.OBJ
D:\PREDPUZZLE3D\PUZZLE3D\PUZZLE3D\DEBUG\MEM.OBJ
D:\predpuzzle3d\puzzle3d\puzzle3d\Debug\mt.command.1.tlog
D:\predpuzzle3d\puzzle3d\puzzle3d\Debug\mt.read.1.tlog
D:\predpuzzle3d\puzzle3d\puzzle3d\Debug\mt.write.1.tlog
D:\PREDPUZZLE3D\PUZZLE3D\PUZZLE3D\DEBUG\OPENGLCONTEXT.OBJ
D:\predpuzzle3d\puzzle3d\puzzle3d\Debug\puzzle3d.exe.embed.manifest
D:\PREDPUZZLE3D\PUZZLE3D\PUZZLE3D\DEBUG\PUZZLE3D.EXE.EMBED.MANIFEST.RES
D:\PREDPUZZLE3D\PUZZLE3D\PUZZLE3D\DEBUG\PUZZLE3D.EXE.INTERMEDIATE.MANIFEST
D:\predpuzzle3d\puzzle3d\puzzle3d\Debug\puzzle3d_manifest.rc
D:\predpuzzle3d\puzzle3d\puzzle3d\Debug\rc.command.1.tlog
D:\predpuzzle3d\puzzle3d\puzzle3d\Debug\rc.read.1.tlog
D:\predpuzzle3d\puzzle3d\puzzle3d\Debug\rc.write.1.tlog
D:\PREDPUZZLE3D\PUZZLE3D\PUZZLE3D\DEBUG\SHADER.OBJ
D:\predpuzzle3d\puzzle3d\puzzle3d\Debug\vc100.idb
D:\PREDPUZZLE3D\PUZZLE3D\PUZZLE3D\DEBUG\VC100.PDB
